1/26/2015 10:34:49 AM | Debut Mise en ligne complete (Site):
1/26/2015 10:34:54 AM | Listing terminé :
1/26/2015 10:34:54 AM | 

1/26/2015 10:34:54 AM | * WEFiles-- -- --Folder create
1/26/2015 10:34:54 AM | * WEFiles/Xml-- -- --Folder create
1/26/2015 10:34:54 AM | * WEFiles/Server-- -- --Folder create
1/26/2015 10:34:54 AM | * WEFiles/Server/language-- -- --Folder create
1/26/2015 10:34:54 AM | * WEFiles/Server/DB-- -- --Folder create
1/26/2015 10:34:54 AM | * WEFiles/Server/DB/DBTools-- -- --Folder create
1/26/2015 10:34:54 AM | * WEFiles/Server/class-- -- --Folder create
1/26/2015 10:34:54 AM | * WEFiles/Other-- -- --Folder create
1/26/2015 10:34:54 AM | * WEFiles/Image-- -- --Folder create
1/26/2015 10:34:54 AM | * WEFiles/Font-- -- --Folder create
1/26/2015 10:34:54 AM | * WEFiles/EG-- -- --Folder create
1/26/2015 10:34:54 AM | * WEFiles/Css-- -- --Folder create
1/26/2015 10:34:54 AM | * WEFiles/Client-- -- --Folder create
1/26/2015 10:34:54 AM | * WEFiles/Client/jQuery-- -- --Folder create
1/26/2015 10:34:54 AM | * WEFiles/Client/jQuery/Plugins-- -- --Folder create
1/26/2015 10:34:54 AM | * WEFiles/Client/Common-- -- --Folder create
1/26/2015 10:34:54 AM | * Templates-- -- --Folder create
1/26/2015 10:34:54 AM | * Files-- -- --Folder create
1/26/2015 10:34:54 AM | * Files/Video-- -- --Folder create
1/26/2015 10:34:54 AM | * Files/Other-- -- --Folder create
1/26/2015 10:34:54 AM | * Files/Media-- -- --Folder create
1/26/2015 10:34:54 AM | * Files/Image-- -- --Folder create
1/26/2015 10:34:54 AM | * Files/Fonts-- -- --Folder create
1/26/2015 10:34:54 AM | * Files/Flash-- -- --Folder create
1/26/2015 10:34:54 AM | * Files/Audio-- -- --Folder create
1/26/2015 10:34:54 AM | * Data-- -- --Folder create
1/26/2015 10:34:54 AM | * Backup-- -- --Folder create
1/26/2015 10:34:54 AM | * Common-- -- --Folder create
1/26/2015 10:34:54 AM | * WEFiles/Image/Skin-- -- --Folder create
1/26/2015 10:34:54 AM | * WEFiles/Image/WEImage-- -- --Folder create
1/26/2015 10:34:54 AM | * Files\Other-- -- --Folder create
1/26/2015 10:34:54 AM | * Files\Fonts-- -- --Folder create
1/26/2015 10:34:54 AM | * Backup/.htaccess-- -- --33
1/26/2015 10:34:54 AM | * Data/.htaccess-- -- --13
1/26/2015 10:34:54 AM | * WEFiles/Client/Common/oe.min.js-- -- --16355
1/26/2015 10:34:54 AM | * WEFiles/Client/jQuery/Plugins/jquery.form.js-- -- --11659
1/26/2015 10:34:54 AM | * WEFiles/Client/jQuery/Plugins/jquery.simplemodal.js-- -- --8558
1/26/2015 10:34:54 AM | * WEFiles/Client/jQuery/Plugins/jquery.ui.core.js-- -- --19592
1/26/2015 10:34:54 AM | * WEFiles/Client/jQuery/Plugins/jquery.ui.effects.js-- -- --25199
1/26/2015 10:34:54 AM | * WEFiles/Client/jQuery/1.10.2.js-- -- --93107
1/26/2015 10:34:54 AM | * WEFiles/Client/jQuery/migrate.js-- -- --19479
1/26/2015 10:34:54 AM | * WEFiles/Client/OEDB.js-- -- --1856
1/26/2015 10:34:54 AM | * WEFiles/Client/OEDBClasses.js-- -- --2280
1/26/2015 10:34:54 AM | * WEFiles/Client/openElementUI.js-- -- --1359
1/26/2015 10:34:54 AM | * WEFiles/Css/ie7.css-- -- --835
1/26/2015 10:34:54 AM | * WEFiles/Css/openElement.css-- -- --4447
1/26/2015 10:34:54 AM | * WEFiles/Image/Code.png-- -- --831
1/26/2015 10:34:54 AM | * WEFiles/Image/delete.png-- -- --1465
1/26/2015 10:34:54 AM | * WEFiles/Image/empty.png-- -- --184
1/26/2015 10:34:54 AM | * WEFiles/Image/information2.png-- -- --3246
1/26/2015 10:34:54 AM | * WEFiles/Image/loading.gif-- -- --1924
1/26/2015 10:34:54 AM | * WEFiles/Image/mask.png-- -- --213
1/26/2015 10:34:54 AM | * WEFiles/Image/ModalBackgound.png-- -- --27145
1/26/2015 10:34:54 AM | * WEFiles/Image/ModalPopupBlock.png-- -- --268
1/26/2015 10:34:54 AM | * WEFiles/Image/ServerError.png-- -- --2602
1/26/2015 10:34:54 AM | * WEFiles/Image/WEW3C.png-- -- --1882
1/26/2015 10:34:54 AM | * WEFiles/Server/class/class-phpmailer.php-- -- --64846
1/26/2015 10:34:54 AM | * WEFiles/Server/class/class-smtp.php-- -- --32442
1/26/2015 10:34:54 AM | * WEFiles/Server/class/JSON.php-- -- --34073
1/26/2015 10:34:54 AM | * WEFiles/Server/DB/DBTools/OEDataContainers.php-- -- --57969
1/26/2015 10:34:54 AM | * WEFiles/Server/DB/DBTools/OEDBRequest.php-- -- --36412
1/26/2015 10:34:54 AM | * WEFiles/Server/DB/DBTools/OEDynUtils.php-- -- --15881
1/26/2015 10:34:54 AM | * WEFiles/Server/DB/.htaccess-- -- --13
1/26/2015 10:34:54 AM | * WEFiles/Server/DB/OEDB.php-- -- --28741
1/26/2015 10:34:54 AM | * WEFiles/Server/DB/OEDBClasses.php-- -- --84478
1/26/2015 10:34:54 AM | * WEFiles/Server/DB/sqllogin.php-- -- --1479
1/26/2015 10:34:54 AM | * WEFiles/Server/language/phpmailer.lang-en.php-- -- --1188
1/26/2015 10:34:54 AM | * WEFiles/Server/language/phpmailer.lang-fr.php-- -- --1297
1/26/2015 10:34:54 AM | * WEFiles/Server/openElement.php-- -- --17167
1/26/2015 10:34:54 AM | * WEFiles/Server/VarText.php-- -- --4306
1/26/2015 10:34:54 AM | * .htaccess-- -- --0
1/26/2015 10:34:54 AM | * index.css-- -- --2859
1/26/2015 10:34:54 AM | * WEFiles/Image/Skin/30cd8590.png-- -- --237162
1/26/2015 10:34:54 AM | * WEFiles/Image/Skin/fa175883.png-- -- --296
1/26/2015 10:34:54 AM | * WEFiles/Image/Skin/8b4d5c33.png-- -- --169
1/26/2015 10:34:54 AM | * WEFiles/Image/Skin/9017d2a1.png-- -- --328
1/26/2015 10:34:54 AM | * WEFiles/Image/WEImage/42ff0829DEFAULT.png-- -- --1352
1/26/2015 10:34:54 AM | * Files/Image/ourworkblk.png-- -- --216
1/26/2015 10:34:54 AM | * WEFiles/Image/Skin/b8a80055.png-- -- --216
1/26/2015 10:34:54 AM | * Files/Image/contactblk.png-- -- --213
1/26/2015 10:34:54 AM | * WEFiles/Image/Skin/64ec2430.png-- -- --211
1/26/2015 10:34:54 AM | * Files/Image/servicesblk.png-- -- --271
1/26/2015 10:34:54 AM | * WEFiles/Image/Skin/f8ba87fb.png-- -- --270
1/26/2015 10:34:54 AM | * WEFiles/Image/Skin/b5740ddc.png-- -- --308
1/26/2015 10:34:54 AM | * WEFiles/Image/Skin/686482fe.png-- -- --181
1/26/2015 10:34:54 AM | * WEFiles/Image/Skin/7bb3f2bc.png-- -- --919
1/26/2015 10:34:54 AM | * Files/Image/footerblack.png-- -- --165
1/26/2015 10:34:54 AM | * Backup/index.dat-- -- --136835
1/26/2015 10:34:54 AM | * index.htm-- -- --5255
1/26/2015 10:34:54 AM | * robots.txt-- -- --57
1/26/2015 10:34:54 AM | * sitemap.xml-- -- --445
1/26/2015 10:34:54 AM | * Templates/BaseLayer.css-- -- --183
1/26/2015 10:34:54 AM | * Backup/Templates/BaseLayer.tdat-- -- --26605
1/26/2015 10:34:54 AM | * Backup/Common/Garbage.cfg-- -- --284
1/26/2015 10:34:54 AM | * Backup/Common/Linkmap.cfg-- -- --37407
1/26/2015 10:34:54 AM | * Backup/Common/Lock.cfg-- -- --327
1/26/2015 10:34:54 AM | * Backup/Common/Palette.xml-- -- --295
1/26/2015 10:34:54 AM | * Backup/Common/Palette.xml.upd-- -- --9
1/26/2015 10:34:54 AM | * Backup/Common/SiteConfig.cfg-- -- --31516
1/26/2015 10:34:54 AM | * Backup/Common/user.cfg-- -- --590
1/26/2015 10:34:54 AM | * Backup/Templates/Controls/WEHrLign_ee610554.OESkin-- -- --26928
1/26/2015 10:34:54 AM | * Backup/Templates/Controls/WEHrVertival_667b296e.OESkin-- -- --26656
1/26/2015 10:34:54 AM | * Backup/My Website (2).ope-- -- --3576
1/26/2015 10:34:54 AM | 
1/26/2015 10:34:54 AM | 
--------------------------------Phase 1 Terminé--------------------------------
1/26/2015 10:34:54 AM | 

1/26/2015 2:25:16 PM | Debut Mise en ligne différentielle (Site):
1/26/2015 2:25:20 PM | Listing terminé :
1/26/2015 2:25:20 PM | 

1/26/2015 2:25:20 PM | * Backup-- -- --Folder create
1/26/2015 2:25:20 PM | * Files-- -- --Folder create
1/26/2015 2:25:20 PM | * Files/Image-- -- --Folder create
1/26/2015 2:25:20 PM | * WEFiles-- -- --Folder create
1/26/2015 2:25:20 PM | * WEFiles/Image-- -- --Folder create
1/26/2015 2:25:20 PM | * WEFiles/Image/Skin-- -- --Folder create
1/26/2015 2:25:20 PM | * WEFiles/Client-- -- --Folder create
1/26/2015 2:25:20 PM | * WEFiles/Server-- -- --Folder create
1/26/2015 2:25:20 PM | * Templates-- -- --Folder create
1/26/2015 2:25:20 PM | * Backup/.htaccess-- -- --33
1/26/2015 2:25:20 PM | * .htaccess-- -- --0
1/26/2015 2:25:20 PM | * contact(var).js-- -- --965
1/26/2015 2:25:20 PM | * contact(var).php-- -- --1451
1/26/2015 2:25:20 PM | * contact.css-- -- --1861
1/26/2015 2:25:20 PM | * Files/Image/contactform.png-- -- --489
1/26/2015 2:25:20 PM | * WEFiles/Image/Skin/26c70838.png-- -- --193
1/26/2015 2:25:20 PM | * WEFiles/Image/Skin/58294202.png-- -- --825
1/26/2015 2:25:20 PM | * WEFiles/Image/Skin/cbb1ae94.png-- -- --193
1/26/2015 2:25:20 PM | * WEFiles/Image/Skin/966687aa.png-- -- --825
1/26/2015 2:25:20 PM | * Files/Image/clearformbutton.png-- -- --182
1/26/2015 2:25:20 PM | * Files/Image/submitformbutton.png-- -- --206
1/26/2015 2:25:20 PM | * WEFiles/Client/WESendForm-v1.js-- -- --4084
1/26/2015 2:25:20 PM | * WEFiles/Server/WESendMail-v2.php-- -- --9850
1/26/2015 2:25:20 PM | * WEFiles/Client/WESendMail-v2.js-- -- --3950
1/26/2015 2:25:20 PM | * Backup/contact.dat-- -- --139694
1/26/2015 2:25:20 PM | * contact.htm-- -- --4694
1/26/2015 2:25:20 PM | * home.css-- -- --1290
1/26/2015 2:25:20 PM | * Files/Image/welcometo.png-- -- --411
1/26/2015 2:25:20 PM | * Files/Image/filler.png-- -- --2177
1/26/2015 2:25:20 PM | * Backup/home.dat-- -- --82605
1/26/2015 2:25:20 PM | * home.htm-- -- --3674
1/26/2015 2:25:20 PM | * index.css-- -- --2859
1/26/2015 2:25:20 PM | * Backup/index.dat-- -- --137619
1/26/2015 2:25:20 PM | * index.htm-- -- --5521
1/26/2015 2:25:20 PM | * sitemap.xml-- -- --804
1/26/2015 2:25:20 PM | * robots.txt-- -- --57
1/26/2015 2:25:20 PM | * Backup/Templates/Controls/WEHrLign_ee610554.OESkin-- -- --26928
1/26/2015 2:25:20 PM | * Backup/Templates/Controls/WEHrVertival_667b296e.OESkin-- -- --26656
1/26/2015 2:25:20 PM | * Backup/My Website (2).ope-- -- --3576
1/26/2015 2:25:20 PM | 
1/26/2015 2:25:20 PM | 
--------------------------------Phase 1 Terminé--------------------------------
1/26/2015 2:25:20 PM | 

