2/1/2015 2:22:49 AM | Debut Mise en ligne différentielle (Site):
2/1/2015 2:22:52 AM | Listing terminé :
2/1/2015 2:22:52 AM | 

2/1/2015 2:22:52 AM | * Backup-- -- --Folder create
2/1/2015 2:22:52 AM | * WEFiles-- -- --Folder create
2/1/2015 2:22:52 AM | * WEFiles/Image-- -- --Folder create
2/1/2015 2:22:52 AM | * WEFiles/Image/WEImage-- -- --Folder create
2/1/2015 2:22:52 AM | * Files-- -- --Folder create
2/1/2015 2:22:52 AM | * Files/Image-- -- --Folder create
2/1/2015 2:22:52 AM | * Templates-- -- --Folder create
2/1/2015 2:22:52 AM | * Backup/.htaccess-- -- --33
2/1/2015 2:22:52 AM | * .htaccess-- -- --0
2/1/2015 2:22:52 AM | * contact(var).js-- -- --539
2/1/2015 2:22:52 AM | * contact(var).php-- -- --973
2/1/2015 2:22:52 AM | * contact.css-- -- --2126
2/1/2015 2:22:52 AM | * WEFiles/Image/WEImage/72e3f388DEFAULT.jpg-- -- --230101
2/1/2015 2:22:52 AM | * Backup/contact.dat-- -- --135754
2/1/2015 2:22:52 AM | * contact.htm-- -- --5765
2/1/2015 2:22:52 AM | * home.css-- -- --394
2/1/2015 2:22:52 AM | * Files/Image/noroof.jpg-- -- --64198
2/1/2015 2:22:52 AM | * Backup/home.dat-- -- --51973
2/1/2015 2:22:52 AM | * home.htm-- -- --2450
2/1/2015 2:22:52 AM | * index.css-- -- --2945
2/1/2015 2:22:52 AM | * Backup/index.dat-- -- --129139
2/1/2015 2:22:52 AM | * index.htm-- -- --5591
2/1/2015 2:22:52 AM | * services.css-- -- --2293
2/1/2015 2:22:52 AM | * Files/Image/skyy.png-- -- --68033
2/1/2015 2:22:52 AM | * Backup/services.dat-- -- --126661
2/1/2015 2:22:52 AM | * services.htm-- -- --5983
2/1/2015 2:22:52 AM | * sitemap.xml-- -- --986
2/1/2015 2:22:52 AM | * robots.txt-- -- --57
2/1/2015 2:22:52 AM | * Backup/Templates/Controls/WEHrLign_ee610554.OESkin-- -- --26928
2/1/2015 2:22:52 AM | * Backup/Templates/Controls/WEHrVertival_667b296e.OESkin-- -- --26656
2/1/2015 2:22:52 AM | * Backup/My Website (2).ope-- -- --3576
2/1/2015 2:22:52 AM | 
2/1/2015 2:22:52 AM | 
--------------------------------Phase 1 Terminé--------------------------------
2/1/2015 2:22:52 AM | 

2/1/2015 2:23:16 AM | Debut Mise en ligne différentielle (Site):
2/1/2015 2:23:16 AM | Listing terminé :
2/1/2015 2:23:16 AM | 

2/1/2015 2:23:16 AM | * Backup-- -- --Folder create
2/1/2015 2:23:16 AM | * WEFiles-- -- --Folder create
2/1/2015 2:23:16 AM | * WEFiles/Image-- -- --Folder create
2/1/2015 2:23:16 AM | * WEFiles/Image/WEImage-- -- --Folder create
2/1/2015 2:23:16 AM | * Files-- -- --Folder create
2/1/2015 2:23:16 AM | * Files/Image-- -- --Folder create
2/1/2015 2:23:16 AM | * Templates-- -- --Folder create
2/1/2015 2:23:16 AM | * Backup/.htaccess-- -- --33
2/1/2015 2:23:16 AM | * .htaccess-- -- --0
2/1/2015 2:23:16 AM | * contact(var).js-- -- --539
2/1/2015 2:23:16 AM | * contact(var).php-- -- --973
2/1/2015 2:23:16 AM | * contact.css-- -- --2126
2/1/2015 2:23:16 AM | * WEFiles/Image/WEImage/72e3f388DEFAULT.jpg-- -- --230101
2/1/2015 2:23:16 AM | * Backup/contact.dat-- -- --135754
2/1/2015 2:23:16 AM | * contact.htm-- -- --5765
2/1/2015 2:23:16 AM | * home.css-- -- --394
2/1/2015 2:23:16 AM | * Files/Image/noroof.jpg-- -- --64198
2/1/2015 2:23:16 AM | * Backup/home.dat-- -- --51973
2/1/2015 2:23:16 AM | * home.htm-- -- --2450
2/1/2015 2:23:16 AM | * index.css-- -- --2945
2/1/2015 2:23:16 AM | * Backup/index.dat-- -- --129140
2/1/2015 2:23:16 AM | * index.htm-- -- --5593
2/1/2015 2:23:16 AM | * services.css-- -- --2293
2/1/2015 2:23:16 AM | * Files/Image/skyy.png-- -- --68033
2/1/2015 2:23:16 AM | * Backup/services.dat-- -- --126661
2/1/2015 2:23:16 AM | * services.htm-- -- --5983
2/1/2015 2:23:16 AM | * sitemap.xml-- -- --986
2/1/2015 2:23:16 AM | * robots.txt-- -- --57
2/1/2015 2:23:16 AM | * Backup/Templates/Controls/WEHrLign_ee610554.OESkin-- -- --26928
2/1/2015 2:23:16 AM | * Backup/Templates/Controls/WEHrVertival_667b296e.OESkin-- -- --26656
2/1/2015 2:23:16 AM | * Backup/My Website (2).ope-- -- --3576
2/1/2015 2:23:16 AM | 
2/1/2015 2:23:16 AM | 
--------------------------------Phase 1 Terminé--------------------------------
2/1/2015 2:23:16 AM | 

2/2/2015 2:35:26 PM | Debut Mise en ligne différentielle (Site):
2/2/2015 2:35:27 PM | Listing terminé :
2/2/2015 2:35:27 PM | 

2/2/2015 2:35:27 PM | * Backup-- -- --Folder create
2/2/2015 2:35:27 PM | * Templates-- -- --Folder create
2/2/2015 2:35:27 PM | * Backup/.htaccess-- -- --33
2/2/2015 2:35:27 PM | * .htaccess-- -- --0
2/2/2015 2:35:27 PM | * home.css-- -- --1258
2/2/2015 2:35:27 PM | * Backup/home.dat-- -- --72817
2/2/2015 2:35:27 PM | * home.htm-- -- --3287
2/2/2015 2:35:27 PM | * index.css-- -- --2945
2/2/2015 2:35:27 PM | * Backup/index.dat-- -- --129137
2/2/2015 2:35:27 PM | * index.htm-- -- --5523
2/2/2015 2:35:27 PM | * sitemap.xml-- -- --986
2/2/2015 2:35:27 PM | * robots.txt-- -- --57
2/2/2015 2:35:27 PM | * Backup/Templates/Controls/WEHrLign_ee610554.OESkin-- -- --26928
2/2/2015 2:35:27 PM | * Backup/Templates/Controls/WEHrVertival_667b296e.OESkin-- -- --26656
2/2/2015 2:35:27 PM | * Backup/My Website (2).ope-- -- --3576
2/2/2015 2:35:27 PM | 
2/2/2015 2:35:27 PM | 
--------------------------------Phase 1 Terminé--------------------------------
2/2/2015 2:35:27 PM | 

